TN:
SF:src\pages\Billing.jsx
FN:5,InfoIcon
FN:23,UsageIcon
FN:52,IncludedUsageCard
FN:58,(anonymous_3)
FN:77,OnDemandUsageCard
FN:100,UpgradeModal
FN:155,Billing
FN:165,(anonymous_7)
FN:168,(anonymous_8)
FN:173,(anonymous_9)
FN:177,(anonymous_10)
FN:183,(anonymous_11)
FN:185,(anonymous_12)
FN:186,(anonymous_13)
FN:189,(anonymous_14)
FN:195,(anonymous_15)
FN:203,(anonymous_16)
FN:216,(anonymous_17)
FN:217,(anonymous_18)
FN:287,(anonymous_19)
FNF:20
FNH:17
FNDA:114,InfoIcon
FNDA:0,UsageIcon
FNDA:38,IncludedUsageCard
FNDA:0,(anonymous_3)
FNDA:38,OnDemandUsageCard
FNDA:25,UpgradeModal
FNDA:48,Billing
FNDA:11,(anonymous_7)
FNDA:11,(anonymous_8)
FNDA:10,(anonymous_9)
FNDA:8,(anonymous_10)
FNDA:7,(anonymous_11)
FNDA:1,(anonymous_12)
FNDA:8,(anonymous_13)
FNDA:2,(anonymous_14)
FNDA:5,(anonymous_15)
FNDA:4,(anonymous_16)
FNDA:1,(anonymous_17)
FNDA:5,(anonymous_18)
FNDA:0,(anonymous_19)
DA:6,114
DA:24,0
DA:25,0
DA:26,0
DA:32,0
DA:33,0
DA:42,0
DA:53,38
DA:59,0
DA:78,38
DA:101,25
DA:153,1
DA:156,48
DA:157,48
DA:158,48
DA:159,48
DA:160,48
DA:161,48
DA:162,48
DA:163,48
DA:165,48
DA:167,11
DA:168,11
DA:173,48
DA:174,10
DA:177,48
DA:178,8
DA:179,8
DA:180,8
DA:181,8
DA:182,8
DA:183,7
DA:185,1
DA:186,8
DA:189,48
DA:190,2
DA:191,2
DA:192,2
DA:195,48
DA:196,5
DA:197,5
DA:198,5
DA:204,4
DA:205,4
DA:206,1
DA:207,1
DA:208,1
DA:209,1
DA:210,3
DA:211,2
DA:213,1
DA:216,1
DA:217,5
DA:220,48
DA:221,10
DA:228,38
DA:288,0
LF:57
LH:49
BRDA:25,0,0,0
BRDA:25,0,1,0
BRDA:32,1,0,0
BRDA:32,1,1,0
BRDA:85,2,0,0
BRDA:85,2,1,38
BRDA:105,3,0,25
BRDA:105,3,1,8
BRDA:106,4,0,25
BRDA:106,4,1,17
BRDA:106,4,2,16
BRDA:128,5,0,25
BRDA:128,5,1,5
BRDA:134,6,0,25
BRDA:134,6,1,17
BRDA:134,6,2,12
BRDA:137,7,0,5
BRDA:137,7,1,20
BRDA:205,8,0,1
BRDA:205,8,1,3
BRDA:210,9,0,2
BRDA:210,9,1,1
BRDA:213,10,0,1
BRDA:213,10,1,0
BRDA:220,11,0,10
BRDA:220,11,1,38
BRDA:237,12,0,38
BRDA:237,12,1,1
BRDA:243,13,0,48
BRDA:243,13,1,36
BRDA:254,14,0,48
BRDA:254,14,1,25
BRF:32
BRH:26
end_of_record
