<?xml version="1.0" encoding="utf-8"?><testsuites name="pytest tests"><testsuite name="pytest" errors="0" failures="0" skipped="0" tests="14" time="0.649" timestamp="2026-09-11T18:51:30.340948+05:30" hostname="NDI-LAP-347"><testcase classname="tests.unit.backend.test_billing_upgrade_api" name="test_preview_1_functional_happy_path" time="0.015" /><testcase classname="tests.unit.backend.test_billing_upgrade_api" name="test_preview_2_response_codes" time="0.027" /><testcase classname="tests.unit.backend.test_billing_upgrade_api" name="test_preview_3_authorization_401_unauthenticated" time="0.009" /><testcase classname="tests.unit.backend.test_billing_upgrade_api" name="test_preview_4_error_response_schema" time="0.016" /><testcase classname="tests.unit.backend.test_billing_upgrade_api" name="test_preview_5_request_validation_missing_email_param" time="0.004" /><testcase classname="tests.unit.backend.test_billing_upgrade_api" name="test_preview_6_response_contract_schema" time="0.009" /><testcase classname="tests.unit.backend.test_billing_upgrade_api" name="test_upgrade_1_functional_happy_path" time="0.016" /><testcase classname="tests.unit.backend.test_billing_upgrade_api" name="test_upgrade_2_response_codes" time="0.082" /><testcase classname="tests.unit.backend.test_billing_upgrade_api" name="test_upgrade_3_authorization_401_unauthenticated" time="0.007" /><testcase classname="tests.unit.backend.test_billing_upgrade_api" name="test_upgrade_4_error_response_schema" time="0.021" /><testcase classname="tests.unit.backend.test_billing_upgrade_api" name="test_upgrade_5_request_validation_missing_email_field" time="0.003" /><testcase classname="tests.unit.backend.test_billing_upgrade_api" name="test_upgrade_5_request_validation_wrong_type_email_field" time="0.005" /><testcase classname="tests.unit.backend.test_billing_upgrade_api" name="test_upgrade_6_response_contract_schema_success" time="0.008" /><testcase classname="tests.unit.backend.test_billing_upgrade_api" name="test_upgrade_6_response_contract_schema_declined" time="0.014" /></testsuite></testsuites>