<?xml version="1.0" encoding="utf-8"?><testsuites name="pytest tests"><testsuite name="pytest" errors="0" failures="0" skipped="1" tests="15" time="0.609" timestamp="2026-09-22T20:28:05.689887+05:30" hostname="NDI-LAP-347"><testcase classname="tests.api.test_billing_upgrade_api" name="test_happy_path_upgrade" time="0.025" /><testcase classname="tests.api.test_billing_upgrade_api" name="test_response_codes[api-200@example.com-Standard-200]" time="0.007" /><testcase classname="tests.api.test_billing_upgrade_api" name="test_response_codes[api-400@example.com-Premium-400]" time="0.006" /><testcase classname="tests.api.test_billing_upgrade_api" name="test_response_code_401_unknown_user" time="0.005" /><testcase classname="tests.api.test_billing_upgrade_api" name="test_response_code_422_malformed_body" time="0.005" /><testcase classname="tests.api.test_billing_upgrade_api" name="test_401_unauthenticated_identity" time="0.005" /><testcase classname="tests.api.test_billing_upgrade_api" name="test_403_role_based_denial_not_applicable" time="0.001"><skipped type="pytest.skip" message="N/A — no role/permission model exists anywhere in this application (REQ-NF-03: the existing auth posture is deliberately preserved, not extended, by this story)">C:\Users\shailendra.yadav\Desktop\projects\helix-aire-v1-demo2\billing-cycle-copy3\tests\api\test_billing_upgrade_api.py:97: N/A — no role/permission model exists anywhere in this application (REQ-NF-03: the existing auth posture is deliberately preserved, not extended, by this story)</skipped></testcase><testcase classname="tests.api.test_billing_upgrade_api" name="test_error_response_shape_already_premium" time="0.004" /><testcase classname="tests.api.test_billing_upgrade_api" name="test_error_response_shape_unknown_user" time="0.005" /><testcase classname="tests.api.test_billing_upgrade_api" name="test_error_response_no_stack_trace_leak" time="0.005" /><testcase classname="tests.api.test_billing_upgrade_api" name="test_request_validation_missing_required_field" time="0.004" /><testcase classname="tests.api.test_billing_upgrade_api" name="test_request_validation_wrong_type" time="0.004" /><testcase classname="tests.api.test_billing_upgrade_api" name="test_request_validation_extra_fields_ignored" time="0.005" /><testcase classname="tests.api.test_billing_upgrade_api" name="test_response_schema_success" time="0.005" /><testcase classname="tests.api.test_billing_upgrade_api" name="test_response_schema_matches_get_billing_contract" time="0.009" /></testsuite></testsuites>