<?xml version="1.0" encoding="utf-8"?><testsuites name="pytest tests"><testsuite name="pytest" errors="0" failures="0" skipped="0" tests="16" time="6.756" timestamp="2026-09-22T14:55:07.414385+00:00" hostname="9bf7ed8d432a"><testcase classname="tests.behavior.test_story_1_1" name="test_billing_page_plan_display_becomes_dynamic" time="1.469" /><testcase classname="tests.behavior.test_story_1_1" name="test_dynamic_plan_display_reflects_premium_after_upgrade" time="0.311" /><testcase classname="tests.behavior.test_story_1_1" name="test_upgrade_cta_is_visible_for_a_standardplan_user" time="0.366" /><testcase classname="tests.behavior.test_story_1_1" name="test_upgrade_cta_is_hidden_for_a_premiumplan_user" time="0.469" /><testcase classname="tests.behavior.test_story_1_1" name="test_confirmation_modal_shows_the_exact_prorated_preview_before_commitment" time="0.422" /><testcase classname="tests.behavior.test_story_1_1" name="test_cancel_does_nothing" time="0.442" /><testcase classname="tests.behavior.test_story_1_1" name="test_successful_prorated_upgrade" time="0.025" /><testcase classname="tests.behavior.test_story_1_1" name="test_proration_at_the_boundary__renewal_date_today" time="0.018" /><testcase classname="tests.behavior.test_story_1_1" name="test_proration_at_the_boundary__full_cycle_remaining" time="0.016" /><testcase classname="tests.behavior.test_story_1_1" name="test_alreadypremium_guard" time="0.015" /><testcase classname="tests.behavior.test_story_1_1" name="test_unknownuser_guard" time="0.018" /><testcase classname="tests.behavior.test_story_1_1" name="test_billing_page_reflects_premium_immediately_no_reload" time="0.460" /><testcase classname="tests.behavior.test_story_1_1" name="test_persistent_postupgrade_success_banner" time="0.463" /><testcase classname="tests.behavior.test_story_1_1" name="test_confirmation_modal_shows_an_inline_error_on_network_failure" time="0.411" /><testcase classname="tests.behavior.test_story_1_1" name="test_confirmation_modal_shows_an_inline_error_on_a_5xx_response" time="0.455" /><testcase classname="tests.behavior.test_story_1_1" name="test_no_regressions_to_existing_flows" time="1.357" /></testsuite></testsuites>