<?xml version="1.0" encoding="utf-8"?><testsuites name="pytest tests"><testsuite name="pytest" errors="0" failures="0" skipped="0" tests="24" time="63.737" timestamp="2026-09-11T20:11:48.369981+05:30" hostname="NDI-LAP-347"><testcase classname="tests.behavior.test_story_1_1" name="test_billing_page_shows_the_real_plan_name_not_a_hardcoded_label" time="7.249" /><testcase classname="tests.behavior.test_story_1_1" name="test_plan_card_shows_the_real_price_and_active_badge" time="2.303" /><testcase classname="tests.behavior.test_story_1_1" name="test_upgrade_cta_appears_for_a_standard_subscriber" time="2.303" /><testcase classname="tests.behavior.test_story_1_1" name="test_upgrade_cta_is_absent_for_a_premium_subscriber" time="2.193" /><testcase classname="tests.behavior.test_story_1_1" name="test_upgrade_cta_has_stable_automationfriendly_text" time="2.199" /><testcase classname="tests.behavior.test_story_1_1" name="test_upgrade_preview_computes_the_correct_prorated_charge_for_a_standard_subscriber" time="1.746" /><testcase classname="tests.behavior.test_story_1_1" name="test_upgrade_preview_is_blocked_for_an_alreadypremium_subscriber" time="1.654" /><testcase classname="tests.behavior.test_story_1_1" name="test_upgrade_preview_rejects_an_unknown_email" time="1.537" /><testcase classname="tests.behavior.test_story_1_1" name="test_clicking_the_cta_opens_the_confirmation_modal_and_loads_the_preview" time="2.389" /><testcase classname="tests.behavior.test_story_1_1" name="test_confirmation_modal_displays_every_required_field_verbatim" time="2.576" /><testcase classname="tests.behavior.test_story_1_1" name="test_cancel_closes_the_modal_with_no_side_effects" time="2.318" /><testcase classname="tests.behavior.test_story_1_1" name="test_the_displayed_prorated_charge_matches_the_api_response_exactly" time="2.385" /><testcase classname="tests.behavior.test_story_1_1" name="test_confirming_the_upgrade_with_a_valid_card_flips_the_plan_to_premium" time="2.812" /><testcase classname="tests.behavior.test_story_1_1" name="test_a_successful_upgrade_sets_premiumtier_quotas" time="2.919" /><testcase classname="tests.behavior.test_story_1_1" name="test_confirming_an_upgrade_is_blocked_for_an_alreadypremium_subscriber" time="1.531" /><testcase classname="tests.behavior.test_story_1_1" name="test_confirming_an_upgrade_rejects_an_unknown_email" time="1.547" /><testcase classname="tests.behavior.test_story_1_1" name="test_confirming_the_upgrade_with_a_declined_card_returns_a_clear_error" time="2.840" /><testcase classname="tests.behavior.test_story_1_1" name="test_a_declined_card_leaves_the_subscribers_data_completely_unchanged" time="2.949" /><testcase classname="tests.behavior.test_story_1_1" name="test_confirm_upgrade_calls_the_upgrade_endpoint_with_the_subscribers_email" time="2.842" /><testcase classname="tests.behavior.test_story_1_1" name="test_a_successful_upgrade_refreshes_the_billing_page_and_hides_the_cta" time="2.927" /><testcase classname="tests.behavior.test_story_1_1" name="test_a_successful_upgrade_shows_the_exact_amount_charged" time="2.846" /><testcase classname="tests.behavior.test_story_1_1" name="test_a_declined_payment_keeps_the_modal_open" time="2.725" /><testcase classname="tests.behavior.test_story_1_1" name="test_a_declined_payment_shows_the_inline_error_message" time="2.845" /><testcase classname="tests.behavior.test_story_1_1" name="test_a_declined_payment_leaves_cancel_available_and_the_plan_on_standard" time="4.045" /></testsuite></testsuites>