{"total": {"lines":{"total":242,"covered":242,"skipped":0,"pct":100},"statements":{"total":242,"covered":242,"skipped":0,"pct":100},"functions":{"total":11,"covered":11,"skipped":0,"pct":100},"branches":{"total":30,"covered":29,"skipped":0,"pct":96.66},"branchesTrue":{"total":0,"covered":0,"skipped":0,"pct":100}}
,"C:\\Users\\shailendra.yadav\\Desktop\\projects\\helix-aire-v1-demo2\\billing-cycle-copy3\\src\\frontend\\src\\components\\UpgradeModal.jsx": {"lines":{"total":50,"covered":50,"skipped":0,"pct":100},"functions":{"total":1,"covered":1,"skipped":0,"pct":100},"statements":{"total":50,"covered":50,"skipped":0,"pct":100},"branches":{"total":3,"covered":3,"skipped":0,"pct":100}}
,"C:\\Users\\shailendra.yadav\\Desktop\\projects\\helix-aire-v1-demo2\\billing-cycle-copy3\\src\\frontend\\src\\pages\\Billing.jsx": {"lines":{"total":178,"covered":178,"skipped":0,"pct":100},"functions":{"total":7,"covered":7,"skipped":0,"pct":100},"statements":{"total":178,"covered":178,"skipped":0,"pct":100},"branches":{"total":24,"covered":23,"skipped":0,"pct":95.83}}
,"C:\\Users\\shailendra.yadav\\Desktop\\projects\\helix-aire-v1-demo2\\billing-cycle-copy3\\src\\frontend\\src\\utils\\proration.js": {"lines":{"total":14,"covered":14,"skipped":0,"pct":100},"functions":{"total":3,"covered":3,"skipped":0,"pct":100},"statements":{"total":14,"covered":14,"skipped":0,"pct":100},"branches":{"total":3,"covered":3,"skipped":0,"pct":100}}
}
