{"C:\\Users\\shailendra.yadav\\Desktop\\projects\\helix-aire-v1-demo2\\src\\frontend\\src\\App.jsx": {"path":"C:\\Users\\shailendra.yadav\\Desktop\\projects\\helix-aire-v1-demo2\\src\\frontend\\src\\App.jsx","statementMap":{"0":{"start":{"line":8,"column":27},"end":{"line":8,"column":35}},"1":{"start":{"line":9,"column":2},"end":{"line":30,"column":null}},"2":{"start":{"line":16,"column":42},"end":{"line":16,"column":null}},"3":{"start":{"line":35,"column":20},"end":{"line":35,"column":28}},"4":{"start":{"line":36,"column":2},"end":{"line":36,"column":null}},"5":{"start":{"line":40,"column":2},"end":{"line":58,"column":null}}},"fnMap":{"0":{"name":"Layout","decl":{"start":{"line":7,"column":9},"end":{"line":7,"column":16}},"loc":{"start":{"line":7,"column":30},"end":{"line":32,"column":null}},"line":7},"1":{"name":"(anonymous_1)","decl":{"start":{"line":16,"column":12},"end":{"line":16,"column":24}},"loc":{"start":{"line":16,"column":42},"end":{"line":16,"column":null}},"line":16},"2":{"name":"ProtectedRoute","decl":{"start":{"line":34,"column":9},"end":{"line":34,"column":24}},"loc":{"start":{"line":34,"column":38},"end":{"line":37,"column":null}},"line":34},"3":{"name":"App","decl":{"start":{"line":39,"column":9},"end":{"line":39,"column":15}},"loc":{"start":{"line":39,"column":15},"end":{"line":60,"column":null}},"line":39}},"branchMap":{"0":{"loc":{"start":{"line":16,"column":42},"end":{"line":16,"column":null}},"type":"cond-expr","locations":[{"start":{"line":16,"column":53},"end":{"line":16,"column":64}},{"start":{"line":16,"column":64},"end":{"line":16,"column":null}}],"line":16},"1":{"loc":{"start":{"line":21,"column":38},"end":{"line":21,"column":67}},"type":"binary-expr","locations":[{"start":{"line":21,"column":38},"end":{"line":21,"column":57}},{"start":{"line":21,"column":57},"end":{"line":21,"column":67}}],"line":21},"2":{"loc":{"start":{"line":22,"column":19},"end":{"line":22,"column":46}},"type":"binary-expr","locations":[{"start":{"line":22,"column":19},"end":{"line":22,"column":33}},{"start":{"line":22,"column":33},"end":{"line":22,"column":46}}],"line":22},"3":{"loc":{"start":{"line":36,"column":9},"end":{"line":36,"column":null}},"type":"cond-expr","locations":[{"start":{"line":36,"column":17},"end":{"line":36,"column":28}},{"start":{"line":36,"column":28},"end":{"line":36,"column":null}}],"line":36}},"s":{"0":0,"1":0,"2":0,"3":0,"4":0,"5":0},"f":{"0":0,"1":0,"2":0,"3":0},"b":{"0":[0,0],"1":[0,0],"2":[0,0],"3":[0,0]},"meta":{"lastBranch":4,"lastFunction":4,"lastStatement":6,"seen":{"f:7:9:7:16":0,"s:8:27:8:35":0,"s:9:2:30:Infinity":1,"f:16:12:16:24":1,"s:16:42:16:Infinity":2,"b:16:53:16:64:16:64:16:Infinity":0,"b:21:38:21:57:21:57:21:67":1,"b:22:19:22:33:22:33:22:46":2,"f:34:9:34:24":2,"s:35:20:35:28":3,"s:36:2:36:Infinity":4,"b:36:17:36:28:36:28:36:Infinity":3,"f:39:9:39:15":3,"s:40:2:58:Infinity":5},"fnNames":{}}}
,"C:\\Users\\shailendra.yadav\\Desktop\\projects\\helix-aire-v1-demo2\\src\\frontend\\src\\main.jsx": {"path":"C:\\Users\\shailendra.yadav\\Desktop\\projects\\helix-aire-v1-demo2\\src\\frontend\\src\\main.jsx","statementMap":{"0":{"start":{"line":6,"column":0},"end":{"line":10,"column":null}}},"fnMap":{},"branchMap":{},"s":{"0":0},"f":{},"b":{},"meta":{"lastBranch":0,"lastFunction":0,"lastStatement":1,"seen":{"s:6:0:10:Infinity":0},"fnNames":{}}}
,"C:\\Users\\shailendra.yadav\\Desktop\\projects\\helix-aire-v1-demo2\\src\\frontend\\src\\components\\UpgradeDialog.jsx": {"path":"C:\\Users\\shailendra.yadav\\Desktop\\projects\\helix-aire-v1-demo2\\src\\frontend\\src\\components\\UpgradeDialog.jsx","statementMap":{"0":{"start":{"line":3,"column":25},"end":{"line":8,"column":null}},"1":{"start":{"line":11,"column":20},"end":{"line":11,"column":null}},"2":{"start":{"line":13,"column":2},"end":{"line":15,"column":null}},"3":{"start":{"line":14,"column":4},"end":{"line":14,"column":null}},"4":{"start":{"line":18,"column":4},"end":{"line":21,"column":null}},"5":{"start":{"line":19,"column":6},"end":{"line":19,"column":null}},"6":{"start":{"line":20,"column":6},"end":{"line":20,"column":null}},"7":{"start":{"line":25,"column":4},"end":{"line":27,"column":null}},"8":{"start":{"line":26,"column":6},"end":{"line":26,"column":null}},"9":{"start":{"line":30,"column":2},"end":{"line":71,"column":null}},"10":{"start":{"line":61,"column":12},"end":{"line":61,"column":null}}},"fnMap":{"0":{"name":"UpgradeDialog","decl":{"start":{"line":10,"column":24},"end":{"line":10,"column":38}},"loc":{"start":{"line":10,"column":64},"end":{"line":73,"column":null}},"line":10},"1":{"name":"(anonymous_1)","decl":{"start":{"line":13,"column":2},"end":{"line":13,"column":18}},"loc":{"start":{"line":13,"column":18},"end":{"line":15,"column":5}},"line":13},"2":{"name":"handleKeyDown","decl":{"start":{"line":17,"column":11},"end":{"line":17,"column":25}},"loc":{"start":{"line":17,"column":32},"end":{"line":22,"column":null}},"line":17},"3":{"name":"handleBackdropClick","decl":{"start":{"line":24,"column":11},"end":{"line":24,"column":31}},"loc":{"start":{"line":24,"column":38},"end":{"line":28,"column":null}},"line":24},"4":{"name":"(anonymous_4)","decl":{"start":{"line":60,"column":28},"end":{"line":60,"column":33}},"loc":{"start":{"line":61,"column":12},"end":{"line":61,"column":null}},"line":61}},"branchMap":{"0":{"loc":{"start":{"line":18,"column":4},"end":{"line":21,"column":null}},"type":"if","locations":[{"start":{"line":18,"column":4},"end":{"line":21,"column":null}},{"start":{},"end":{}}],"line":18},"1":{"loc":{"start":{"line":25,"column":4},"end":{"line":27,"column":null}},"type":"if","locations":[{"start":{"line":25,"column":4},"end":{"line":27,"column":null}},{"start":{},"end":{}}],"line":25}},"s":{"0":2,"1":13,"2":13,"3":13,"4":3,"5":2,"6":2,"7":6,"8":2,"9":13,"10":52},"f":{"0":13,"1":13,"2":3,"3":6,"4":52},"b":{"0":[2,1],"1":[2,4]},"meta":{"lastBranch":2,"lastFunction":5,"lastStatement":11,"seen":{"s:3:25:8:Infinity":0,"f:10:24:10:38":0,"s:11:20:11:Infinity":1,"s:13:2:15:Infinity":2,"f:13:2:13:18":1,"s:14:4:14:Infinity":3,"f:17:11:17:25":2,"b:18:4:21:Infinity:undefined:undefined:undefined:undefined":0,"s:18:4:21:Infinity":4,"s:19:6:19:Infinity":5,"s:20:6:20:Infinity":6,"f:24:11:24:31":3,"b:25:4:27:Infinity:undefined:undefined:undefined:undefined":1,"s:25:4:27:Infinity":7,"s:26:6:26:Infinity":8,"s:30:2:71:Infinity":9,"f:60:28:60:33":4,"s:61:12:61:Infinity":10},"fnNames":{}}}
,"C:\\Users\\shailendra.yadav\\Desktop\\projects\\helix-aire-v1-demo2\\src\\frontend\\src\\context\\AuthContext.jsx": {"path":"C:\\Users\\shailendra.yadav\\Desktop\\projects\\helix-aire-v1-demo2\\src\\frontend\\src\\context\\AuthContext.jsx","statementMap":{"0":{"start":{"line":4,"column":20},"end":{"line":4,"column":null}},"1":{"start":{"line":7,"column":26},"end":{"line":7,"column":null}},"2":{"start":{"line":8,"column":28},"end":{"line":8,"column":null}},"3":{"start":{"line":9,"column":19},"end":{"line":9,"column":31}},"4":{"start":{"line":11,"column":2},"end":{"line":20,"column":null}},"5":{"start":{"line":12,"column":4},"end":{"line":12,"column":null}},"6":{"start":{"line":12,"column":16},"end":{"line":12,"column":null}},"7":{"start":{"line":13,"column":4},"end":{"line":19,"column":null}},"8":{"start":{"line":15,"column":8},"end":{"line":15,"column":null}},"9":{"start":{"line":15,"column":19},"end":{"line":15,"column":null}},"10":{"start":{"line":16,"column":8},"end":{"line":16,"column":null}},"11":{"start":{"line":22,"column":8},"end":{"line":26,"column":null}},"12":{"start":{"line":23,"column":4},"end":{"line":23,"column":null}},"13":{"start":{"line":24,"column":4},"end":{"line":24,"column":null}},"14":{"start":{"line":25,"column":4},"end":{"line":25,"column":null}},"15":{"start":{"line":28,"column":16},"end":{"line":38,"column":null}},"16":{"start":{"line":29,"column":16},"end":{"line":33,"column":null}},"17":{"start":{"line":34,"column":17},"end":{"line":34,"column":null}},"18":{"start":{"line":35,"column":4},"end":{"line":35,"column":null}},"19":{"start":{"line":35,"column":17},"end":{"line":35,"column":null}},"20":{"start":{"line":36,"column":4},"end":{"line":36,"column":null}},"21":{"start":{"line":37,"column":4},"end":{"line":37,"column":null}},"22":{"start":{"line":40,"column":19},"end":{"line":50,"column":null}},"23":{"start":{"line":41,"column":16},"end":{"line":45,"column":null}},"24":{"start":{"line":46,"column":17},"end":{"line":46,"column":null}},"25":{"start":{"line":47,"column":4},"end":{"line":47,"column":null}},"26":{"start":{"line":47,"column":17},"end":{"line":47,"column":null}},"27":{"start":{"line":48,"column":4},"end":{"line":48,"column":null}},"28":{"start":{"line":49,"column":4},"end":{"line":49,"column":null}},"29":{"start":{"line":52,"column":8},"end":{"line":57,"column":null}},"30":{"start":{"line":53,"column":4},"end":{"line":53,"column":null}},"31":{"start":{"line":54,"column":4},"end":{"line":54,"column":null}},"32":{"start":{"line":55,"column":4},"end":{"line":55,"column":null}},"33":{"start":{"line":56,"column":4},"end":{"line":56,"column":null}},"34":{"start":{"line":59,"column":2},"end":{"line":62,"column":null}},"35":{"start":{"line":66,"column":13},"end":{"line":66,"column":null}},"36":{"start":{"line":66,"column":29},"end":{"line":66,"column":null}}},"fnMap":{"0":{"name":"AuthProvider","decl":{"start":{"line":6,"column":16},"end":{"line":6,"column":29}},"loc":{"start":{"line":6,"column":43},"end":{"line":64,"column":null}},"line":6},"1":{"name":"(anonymous_1)","decl":{"start":{"line":11,"column":2},"end":{"line":11,"column":18}},"loc":{"start":{"line":11,"column":18},"end":{"line":20,"column":5}},"line":11},"2":{"name":"(anonymous_2)","decl":{"start":{"line":14,"column":7},"end":{"line":14,"column":13}},"loc":{"start":{"line":14,"column":19},"end":{"line":17,"column":7}},"line":14},"3":{"name":"(anonymous_3)","decl":{"start":{"line":22,"column":8},"end":{"line":22,"column":17}},"loc":{"start":{"line":22,"column":26},"end":{"line":26,"column":null}},"line":22},"4":{"name":"(anonymous_4)","decl":{"start":{"line":28,"column":16},"end":{"line":28,"column":23}},"loc":{"start":{"line":28,"column":43},"end":{"line":38,"column":null}},"line":28},"5":{"name":"(anonymous_5)","decl":{"start":{"line":40,"column":19},"end":{"line":40,"column":26}},"loc":{"start":{"line":40,"column":52},"end":{"line":50,"column":null}},"line":40},"6":{"name":"(anonymous_6)","decl":{"start":{"line":52,"column":8},"end":{"line":52,"column":23}},"loc":{"start":{"line":52,"column":23},"end":{"line":57,"column":null}},"line":52},"7":{"name":"(anonymous_7)","decl":{"start":{"line":66,"column":13},"end":{"line":66,"column":29}},"loc":{"start":{"line":66,"column":29},"end":{"line":66,"column":null}},"line":66}},"branchMap":{"0":{"loc":{"start":{"line":12,"column":4},"end":{"line":12,"column":null}},"type":"if","locations":[{"start":{"line":12,"column":4},"end":{"line":12,"column":null}},{"start":{},"end":{}}],"line":12},"1":{"loc":{"start":{"line":15,"column":8},"end":{"line":15,"column":null}},"type":"if","locations":[{"start":{"line":15,"column":8},"end":{"line":15,"column":null}},{"start":{},"end":{}}],"line":15},"2":{"loc":{"start":{"line":35,"column":4},"end":{"line":35,"column":null}},"type":"if","locations":[{"start":{"line":35,"column":4},"end":{"line":35,"column":null}},{"start":{},"end":{}}],"line":35},"3":{"loc":{"start":{"line":35,"column":33},"end":{"line":35,"column":62}},"type":"binary-expr","locations":[{"start":{"line":35,"column":33},"end":{"line":35,"column":48}},{"start":{"line":35,"column":48},"end":{"line":35,"column":62}}],"line":35},"4":{"loc":{"start":{"line":47,"column":4},"end":{"line":47,"column":null}},"type":"if","locations":[{"start":{"line":47,"column":4},"end":{"line":47,"column":null}},{"start":{},"end":{}}],"line":47},"5":{"loc":{"start":{"line":47,"column":33},"end":{"line":47,"column":64}},"type":"binary-expr","locations":[{"start":{"line":47,"column":33},"end":{"line":47,"column":48}},{"start":{"line":47,"column":48},"end":{"line":47,"column":64}}],"line":47}},"s":{"0":0,"1":0,"2":0,"3":0,"4":0,"5":0,"6":0,"7":0,"8":0,"9":0,"10":0,"11":0,"12":0,"13":0,"14":0,"15":0,"16":0,"17":0,"18":0,"19":0,"20":0,"21":0,"22":0,"23":0,"24":0,"25":0,"26":0,"27":0,"28":0,"29":0,"30":0,"31":0,"32":0,"33":0,"34":0,"35":0,"36":0},"f":{"0":0,"1":0,"2":0,"3":0,"4":0,"5":0,"6":0,"7":0},"b":{"0":[0,0],"1":[0,0],"2":[0,0],"3":[0,0],"4":[0,0],"5":[0,0]},"meta":{"lastBranch":6,"lastFunction":8,"lastStatement":37,"seen":{"s:4:20:4:Infinity":0,"f:6:16:6:29":0,"s:7:26:7:Infinity":1,"s:8:28:8:Infinity":2,"s:9:19:9:31":3,"s:11:2:20:Infinity":4,"f:11:2:11:18":1,"b:12:4:12:Infinity:undefined:undefined:undefined:undefined":0,"s:12:4:12:Infinity":5,"s:12:16:12:Infinity":6,"s:13:4:19:Infinity":7,"f:14:7:14:13":2,"b:15:8:15:Infinity:undefined:undefined:undefined:undefined":1,"s:15:8:15:Infinity":8,"s:15:19:15:Infinity":9,"s:16:8:16:Infinity":10,"s:22:8:26:Infinity":11,"f:22:8:22:17":3,"s:23:4:23:Infinity":12,"s:24:4:24:Infinity":13,"s:25:4:25:Infinity":14,"s:28:16:38:Infinity":15,"f:28:16:28:23":4,"s:29:16:33:Infinity":16,"s:34:17:34:Infinity":17,"b:35:4:35:Infinity:undefined:undefined:undefined:undefined":2,"s:35:4:35:Infinity":18,"s:35:17:35:Infinity":19,"b:35:33:35:48:35:48:35:62":3,"s:36:4:36:Infinity":20,"s:37:4:37:Infinity":21,"s:40:19:50:Infinity":22,"f:40:19:40:26":5,"s:41:16:45:Infinity":23,"s:46:17:46:Infinity":24,"b:47:4:47:Infinity:undefined:undefined:undefined:undefined":4,"s:47:4:47:Infinity":25,"s:47:17:47:Infinity":26,"b:47:33:47:48:47:48:47:64":5,"s:48:4:48:Infinity":27,"s:49:4:49:Infinity":28,"s:52:8:57:Infinity":29,"f:52:8:52:23":6,"s:53:4:53:Infinity":30,"s:54:4:54:Infinity":31,"s:55:4:55:Infinity":32,"s:56:4:56:Infinity":33,"s:59:2:62:Infinity":34,"s:66:13:66:Infinity":35,"f:66:13:66:29":7,"s:66:29:66:Infinity":36},"fnNames":{}}}
,"C:\\Users\\shailendra.yadav\\Desktop\\projects\\helix-aire-v1-demo2\\src\\frontend\\src\\pages\\Billing.jsx": {"path":"C:\\Users\\shailendra.yadav\\Desktop\\projects\\helix-aire-v1-demo2\\src\\frontend\\src\\pages\\Billing.jsx","statementMap":{"0":{"start":{"line":7,"column":2},"end":{"line":20,"column":null}},"1":{"start":{"line":25,"column":20},"end":{"line":25,"column":null}},"2":{"start":{"line":26,"column":2},"end":{"line":33,"column":null}},"3":{"start":{"line":27,"column":4},"end":{"line":31,"column":null}},"4":{"start":{"line":34,"column":2},"end":{"line":43,"column":null}},"5":{"start":{"line":35,"column":4},"end":{"line":41,"column":null}},"6":{"start":{"line":44,"column":2},"end":{"line":49,"column":null}},"7":{"start":{"line":54,"column":2},"end":{"line":73,"column":null}},"8":{"start":{"line":60,"column":8},"end":{"line":71,"column":null}},"9":{"start":{"line":78,"column":20},"end":{"line":78,"column":28}},"10":{"start":{"line":79,"column":26},"end":{"line":79,"column":null}},"11":{"start":{"line":80,"column":40},"end":{"line":80,"column":null}},"12":{"start":{"line":81,"column":27},"end":{"line":81,"column":null}},"13":{"start":{"line":84,"column":4},"end":{"line":84,"column":null}},"14":{"start":{"line":85,"column":4},"end":{"line":85,"column":null}},"15":{"start":{"line":88,"column":2},"end":{"line":92,"column":null}},"16":{"start":{"line":89,"column":4},"end":{"line":91,"column":null}},"17":{"start":{"line":90,"column":19},"end":{"line":90,"column":27}},"18":{"start":{"line":94,"column":2},"end":{"line":100,"column":null}},"19":{"start":{"line":95,"column":4},"end":{"line":98,"column":null}},"20":{"start":{"line":102,"column":2},"end":{"line":186,"column":null}},"21":{"start":{"line":114,"column":27},"end":{"line":114,"column":null}},"22":{"start":{"line":149,"column":10},"end":{"line":172,"column":null}}},"fnMap":{"0":{"name":"InfoIcon","decl":{"start":{"line":6,"column":9},"end":{"line":6,"column":20}},"loc":{"start":{"line":6,"column":20},"end":{"line":22,"column":null}},"line":6},"1":{"name":"UsageIcon","decl":{"start":{"line":24,"column":9},"end":{"line":24,"column":19}},"loc":{"start":{"line":24,"column":27},"end":{"line":51,"column":null}},"line":24},"2":{"name":"IncludedUsageCard","decl":{"start":{"line":53,"column":9},"end":{"line":53,"column":27}},"loc":{"start":{"line":53,"column":37},"end":{"line":75,"column":null}},"line":53},"3":{"name":"(anonymous_3)","decl":{"start":{"line":59,"column":18},"end":{"line":59,"column":23}},"loc":{"start":{"line":60,"column":8},"end":{"line":71,"column":null}},"line":60},"4":{"name":"Billing","decl":{"start":{"line":77,"column":24},"end":{"line":77,"column":34}},"loc":{"start":{"line":77,"column":34},"end":{"line":188,"column":null}},"line":77},"5":{"name":"closeUpgrade","decl":{"start":{"line":83,"column":11},"end":{"line":83,"column":26}},"loc":{"start":{"line":83,"column":26},"end":{"line":86,"column":null}},"line":83},"6":{"name":"(anonymous_6)","decl":{"start":{"line":88,"column":2},"end":{"line":88,"column":18}},"loc":{"start":{"line":88,"column":18},"end":{"line":92,"column":5}},"line":88},"7":{"name":"(anonymous_7)","decl":{"start":{"line":90,"column":7},"end":{"line":90,"column":13}},"loc":{"start":{"line":90,"column":19},"end":{"line":90,"column":27}},"line":90},"8":{"name":"(anonymous_8)","decl":{"start":{"line":114,"column":12},"end":{"line":114,"column":27}},"loc":{"start":{"line":114,"column":27},"end":{"line":114,"column":null}},"line":114},"9":{"name":"(anonymous_9)","decl":{"start":{"line":148,"column":21},"end":{"line":148,"column":26}},"loc":{"start":{"line":149,"column":10},"end":{"line":172,"column":null}},"line":149}},"branchMap":{"0":{"loc":{"start":{"line":26,"column":2},"end":{"line":33,"column":null}},"type":"if","locations":[{"start":{"line":26,"column":2},"end":{"line":33,"column":null}},{"start":{},"end":{}}],"line":26},"1":{"loc":{"start":{"line":34,"column":2},"end":{"line":43,"column":null}},"type":"if","locations":[{"start":{"line":34,"column":2},"end":{"line":43,"column":null}},{"start":{},"end":{}}],"line":34},"2":{"loc":{"start":{"line":94,"column":2},"end":{"line":100,"column":null}},"type":"if","locations":[{"start":{"line":94,"column":2},"end":{"line":100,"column":null}},{"start":{},"end":{}}],"line":94},"3":{"loc":{"start":{"line":109,"column":9},"end":{"line":119,"column":null}},"type":"binary-expr","locations":[{"start":{"line":109,"column":9},"end":{"line":109,"column":null}},{"start":{"line":110,"column":10},"end":{"line":119,"column":null}}],"line":109},"4":{"loc":{"start":{"line":155,"column":13},"end":{"line":170,"column":null}},"type":"cond-expr","locations":[{"start":{"line":156,"column":14},"end":{"line":158,"column":null}},{"start":{"line":158,"column":14},"end":{"line":170,"column":null}}],"line":155},"5":{"loc":{"start":{"line":180,"column":7},"end":{"line":184,"column":null}},"type":"binary-expr","locations":[{"start":{"line":180,"column":7},"end":{"line":180,"column":null}},{"start":{"line":181,"column":8},"end":{"line":184,"column":null}}],"line":180}},"s":{"0":15,"1":45,"2":45,"3":15,"4":30,"5":15,"6":15,"7":15,"8":15,"9":24,"10":24,"11":24,"12":24,"13":3,"14":3,"15":24,"16":9,"17":8,"18":24,"19":9,"20":15,"21":4,"22":45},"f":{"0":15,"1":45,"2":15,"3":15,"4":24,"5":3,"6":9,"7":8,"8":4,"9":45},"b":{"0":[15,30],"1":[15,15],"2":[9,15],"3":[15,14],"4":[30,15],"5":[24,4]},"meta":{"lastBranch":6,"lastFunction":10,"lastStatement":23,"seen":{"f:6:9:6:20":0,"s:7:2:20:Infinity":0,"f:24:9:24:19":1,"s:25:20:25:Infinity":1,"b:26:2:33:Infinity:undefined:undefined:undefined:undefined":0,"s:26:2:33:Infinity":2,"s:27:4:31:Infinity":3,"b:34:2:43:Infinity:undefined:undefined:undefined:undefined":1,"s:34:2:43:Infinity":4,"s:35:4:41:Infinity":5,"s:44:2:49:Infinity":6,"f:53:9:53:27":2,"s:54:2:73:Infinity":7,"f:59:18:59:23":3,"s:60:8:71:Infinity":8,"f:77:24:77:34":4,"s:78:20:78:28":9,"s:79:26:79:Infinity":10,"s:80:40:80:Infinity":11,"s:81:27:81:Infinity":12,"f:83:11:83:26":5,"s:84:4:84:Infinity":13,"s:85:4:85:Infinity":14,"s:88:2:92:Infinity":15,"f:88:2:88:18":6,"s:89:4:91:Infinity":16,"f:90:7:90:13":7,"s:90:19:90:27":17,"b:94:2:100:Infinity:undefined:undefined:undefined:undefined":2,"s:94:2:100:Infinity":18,"s:95:4:98:Infinity":19,"s:102:2:186:Infinity":20,"b:109:9:109:Infinity:110:10:119:Infinity":3,"f:114:12:114:27":8,"s:114:27:114:Infinity":21,"f:148:21:148:26":9,"s:149:10:172:Infinity":22,"b:156:14:158:Infinity:158:14:170:Infinity":4,"b:180:7:180:Infinity:181:8:184:Infinity":5},"fnNames":{}}}
,"C:\\Users\\shailendra.yadav\\Desktop\\projects\\helix-aire-v1-demo2\\src\\frontend\\src\\pages\\Login.jsx": {"path":"C:\\Users\\shailendra.yadav\\Desktop\\projects\\helix-aire-v1-demo2\\src\\frontend\\src\\pages\\Login.jsx","statementMap":{"0":{"start":{"line":6,"column":34},"end":{"line":6,"column":null}},"1":{"start":{"line":7,"column":26},"end":{"line":7,"column":null}},"2":{"start":{"line":8,"column":28},"end":{"line":8,"column":null}},"3":{"start":{"line":9,"column":34},"end":{"line":9,"column":null}},"4":{"start":{"line":10,"column":28},"end":{"line":10,"column":null}},"5":{"start":{"line":11,"column":30},"end":{"line":11,"column":38}},"6":{"start":{"line":13,"column":23},"end":{"line":22,"column":null}},"7":{"start":{"line":14,"column":4},"end":{"line":14,"column":null}},"8":{"start":{"line":15,"column":4},"end":{"line":15,"column":null}},"9":{"start":{"line":16,"column":4},"end":{"line":21,"column":null}},"10":{"start":{"line":17,"column":6},"end":{"line":18,"column":null}},"11":{"start":{"line":17,"column":20},"end":{"line":17,"column":null}},"12":{"start":{"line":18,"column":11},"end":{"line":18,"column":null}},"13":{"start":{"line":20,"column":6},"end":{"line":20,"column":null}},"14":{"start":{"line":24,"column":2},"end":{"line":133,"column":null}},"15":{"start":{"line":96,"column":33},"end":{"line":96,"column":null}},"16":{"start":{"line":106,"column":31},"end":{"line":106,"column":null}},"17":{"start":{"line":115,"column":31},"end":{"line":115,"column":null}},"18":{"start":{"line":127,"column":49},"end":{"line":127,"column":null}},"19":{"start":{"line":127,"column":68},"end":{"line":127,"column":70}}},"fnMap":{"0":{"name":"Login","decl":{"start":{"line":5,"column":24},"end":{"line":5,"column":32}},"loc":{"start":{"line":5,"column":32},"end":{"line":135,"column":null}},"line":5},"1":{"name":"(anonymous_1)","decl":{"start":{"line":13,"column":23},"end":{"line":13,"column":30}},"loc":{"start":{"line":13,"column":36},"end":{"line":22,"column":null}},"line":13},"2":{"name":"(anonymous_2)","decl":{"start":{"line":96,"column":16},"end":{"line":96,"column":27}},"loc":{"start":{"line":96,"column":33},"end":{"line":96,"column":null}},"line":96},"3":{"name":"(anonymous_3)","decl":{"start":{"line":106,"column":14},"end":{"line":106,"column":25}},"loc":{"start":{"line":106,"column":31},"end":{"line":106,"column":null}},"line":106},"4":{"name":"(anonymous_4)","decl":{"start":{"line":115,"column":14},"end":{"line":115,"column":25}},"loc":{"start":{"line":115,"column":31},"end":{"line":115,"column":null}},"line":115},"5":{"name":"(anonymous_5)","decl":{"start":{"line":127,"column":34},"end":{"line":127,"column":49}},"loc":{"start":{"line":127,"column":49},"end":{"line":127,"column":null}},"line":127},"6":{"name":"(anonymous_6)","decl":{"start":{"line":127,"column":49},"end":{"line":127,"column":62}},"loc":{"start":{"line":127,"column":68},"end":{"line":127,"column":70}},"line":127}},"branchMap":{"0":{"loc":{"start":{"line":17,"column":6},"end":{"line":18,"column":null}},"type":"if","locations":[{"start":{"line":17,"column":6},"end":{"line":18,"column":null}},{"start":{"line":18,"column":11},"end":{"line":18,"column":null}}],"line":17},"1":{"loc":{"start":{"line":84,"column":15},"end":{"line":84,"column":64}},"type":"cond-expr","locations":[{"start":{"line":84,"column":26},"end":{"line":84,"column":45}},{"start":{"line":84,"column":45},"end":{"line":84,"column":64}}],"line":84},"2":{"loc":{"start":{"line":86,"column":13},"end":{"line":88,"column":null}},"type":"cond-expr","locations":[{"start":{"line":87,"column":16},"end":{"line":87,"column":null}},{"start":{"line":88,"column":16},"end":{"line":88,"column":null}}],"line":86},"3":{"loc":{"start":{"line":90,"column":11},"end":{"line":98,"column":null}},"type":"binary-expr","locations":[{"start":{"line":90,"column":11},"end":{"line":90,"column":null}},{"start":{"line":91,"column":12},"end":{"line":98,"column":null}}],"line":90},"4":{"loc":{"start":{"line":121,"column":11},"end":{"line":121,"column":null}},"type":"binary-expr","locations":[{"start":{"line":121,"column":11},"end":{"line":121,"column":20}},{"start":{"line":121,"column":20},"end":{"line":121,"column":null}}],"line":121},"5":{"loc":{"start":{"line":123,"column":13},"end":{"line":123,"column":null}},"type":"cond-expr","locations":[{"start":{"line":123,"column":24},"end":{"line":123,"column":36}},{"start":{"line":123,"column":36},"end":{"line":123,"column":null}}],"line":123},"6":{"loc":{"start":{"line":126,"column":13},"end":{"line":126,"column":null}},"type":"cond-expr","locations":[{"start":{"line":126,"column":24},"end":{"line":126,"column":54}},{"start":{"line":126,"column":54},"end":{"line":126,"column":null}}],"line":126},"7":{"loc":{"start":{"line":128,"column":15},"end":{"line":128,"column":null}},"type":"cond-expr","locations":[{"start":{"line":128,"column":26},"end":{"line":128,"column":38}},{"start":{"line":128,"column":38},"end":{"line":128,"column":null}}],"line":128}},"s":{"0":0,"1":0,"2":0,"3":0,"4":0,"5":0,"6":0,"7":0,"8":0,"9":0,"10":0,"11":0,"12":0,"13":0,"14":0,"15":0,"16":0,"17":0,"18":0,"19":0},"f":{"0":0,"1":0,"2":0,"3":0,"4":0,"5":0,"6":0},"b":{"0":[0,0],"1":[0,0],"2":[0,0],"3":[0,0],"4":[0,0],"5":[0,0],"6":[0,0],"7":[0,0]},"meta":{"lastBranch":8,"lastFunction":7,"lastStatement":20,"seen":{"f:5:24:5:32":0,"s:6:34:6:Infinity":0,"s:7:26:7:Infinity":1,"s:8:28:8:Infinity":2,"s:9:34:9:Infinity":3,"s:10:28:10:Infinity":4,"s:11:30:11:38":5,"s:13:23:22:Infinity":6,"f:13:23:13:30":1,"s:14:4:14:Infinity":7,"s:15:4:15:Infinity":8,"s:16:4:21:Infinity":9,"b:17:6:18:Infinity:18:11:18:Infinity":0,"s:17:6:18:Infinity":10,"s:17:20:17:Infinity":11,"s:18:11:18:Infinity":12,"s:20:6:20:Infinity":13,"s:24:2:133:Infinity":14,"b:84:26:84:45:84:45:84:64":1,"b:87:16:87:Infinity:88:16:88:Infinity":2,"b:90:11:90:Infinity:91:12:98:Infinity":3,"f:96:16:96:27":2,"s:96:33:96:Infinity":15,"f:106:14:106:25":3,"s:106:31:106:Infinity":16,"f:115:14:115:25":4,"s:115:31:115:Infinity":17,"b:121:11:121:20:121:20:121:Infinity":4,"b:123:24:123:36:123:36:123:Infinity":5,"b:126:24:126:54:126:54:126:Infinity":6,"f:127:34:127:49":5,"s:127:49:127:Infinity":18,"f:127:49:127:62":6,"s:127:68:127:70":19,"b:128:26:128:38:128:38:128:Infinity":7},"fnNames":{}}}
}
