{"total": {"lines":{"total":91,"covered":34,"skipped":0,"pct":37.36},"statements":{"total":98,"covered":34,"skipped":0,"pct":34.69},"functions":{"total":34,"covered":15,"skipped":0,"pct":44.11},"branches":{"total":52,"covered":16,"skipped":0,"pct":30.76},"branchesTrue":{"total":0,"covered":0,"skipped":0,"pct":100}}
,"C:\\Users\\shailendra.yadav\\Desktop\\projects\\helix-aire-v1-demo2\\src\\frontend\\src\\App.jsx": {"lines":{"total":6,"covered":0,"skipped":0,"pct":0},"functions":{"total":4,"covered":0,"skipped":0,"pct":0},"statements":{"total":6,"covered":0,"skipped":0,"pct":0},"branches":{"total":8,"covered":0,"skipped":0,"pct":0}}
,"C:\\Users\\shailendra.yadav\\Desktop\\projects\\helix-aire-v1-demo2\\src\\frontend\\src\\main.jsx": {"lines":{"total":1,"covered":0,"skipped":0,"pct":0},"functions":{"total":0,"covered":0,"skipped":0,"pct":100},"statements":{"total":1,"covered":0,"skipped":0,"pct":0},"branches":{"total":0,"covered":0,"skipped":0,"pct":100}}
,"C:\\Users\\shailendra.yadav\\Desktop\\projects\\helix-aire-v1-demo2\\src\\frontend\\src\\components\\UpgradeDialog.jsx": {"lines":{"total":11,"covered":11,"skipped":0,"pct":100},"functions":{"total":5,"covered":5,"skipped":0,"pct":100},"statements":{"total":11,"covered":11,"skipped":0,"pct":100},"branches":{"total":4,"covered":4,"skipped":0,"pct":100}}
,"C:\\Users\\shailendra.yadav\\Desktop\\projects\\helix-aire-v1-demo2\\src\\frontend\\src\\context\\AuthContext.jsx": {"lines":{"total":32,"covered":0,"skipped":0,"pct":0},"functions":{"total":8,"covered":0,"skipped":0,"pct":0},"statements":{"total":37,"covered":0,"skipped":0,"pct":0},"branches":{"total":12,"covered":0,"skipped":0,"pct":0}}
,"C:\\Users\\shailendra.yadav\\Desktop\\projects\\helix-aire-v1-demo2\\src\\frontend\\src\\pages\\Billing.jsx": {"lines":{"total":23,"covered":23,"skipped":0,"pct":100},"functions":{"total":10,"covered":10,"skipped":0,"pct":100},"statements":{"total":23,"covered":23,"skipped":0,"pct":100},"branches":{"total":12,"covered":12,"skipped":0,"pct":100}}
,"C:\\Users\\shailendra.yadav\\Desktop\\projects\\helix-aire-v1-demo2\\src\\frontend\\src\\pages\\Login.jsx": {"lines":{"total":18,"covered":0,"skipped":0,"pct":0},"functions":{"total":7,"covered":0,"skipped":0,"pct":0},"statements":{"total":20,"covered":0,"skipped":0,"pct":0},"branches":{"total":16,"covered":0,"skipped":0,"pct":0}}
}
