TN:
SF:src\components\UpgradeModal.jsx
FN:1,UpgradeModal
FNF:1
FNH:1
FNDA:17,UpgradeModal
DA:1,1
DA:2,17
DA:4,10
DA:5,10
DA:6,10
DA:7,10
DA:8,10
DA:9,10
DA:10,10
DA:12,10
DA:14,10
DA:15,10
DA:17,10
DA:19,10
DA:20,10
DA:21,10
DA:22,10
DA:23,10
DA:24,10
DA:25,10
DA:26,10
DA:27,10
DA:28,10
DA:30,10
DA:31,10
DA:32,10
DA:33,10
DA:34,10
DA:36,10
DA:37,10
DA:38,10
DA:39,10
DA:40,10
DA:41,10
DA:42,10
DA:43,10
DA:44,10
DA:45,10
DA:46,10
DA:47,10
DA:48,10
DA:49,10
DA:50,10
DA:51,10
DA:52,10
DA:54,10
DA:55,10
DA:56,10
DA:57,10
DA:59,10
LF:50
LH:50
BRDA:1,0,0,17
BRDA:2,1,0,7
BRDA:2,2,0,10
BRF:3
BRH:3
end_of_record
TN:
SF:src\pages\Billing.jsx
FN:10,InfoIcon
FN:28,UsageIcon
FN:57,IncludedUsageCard
FN:81,Billing
FN:108,handleConfirmUpgrade
FN:138,onClick
FN:211,onCancel
FNF:7
FNH:7
FNDA:11,InfoIcon
FNDA:33,UsageIcon
FNDA:11,IncludedUsageCard
FNDA:16,Billing
FNDA:1,handleConfirmUpgrade
FNDA:3,onClick
FNDA:1,onCancel
DA:1,1
DA:7,1
DA:8,1
DA:10,11
DA:11,11
DA:12,11
DA:13,11
DA:14,11
DA:15,11
DA:16,11
DA:17,11
DA:18,11
DA:19,11
DA:21,11
DA:22,11
DA:23,11
DA:24,11
DA:26,11
DA:28,33
DA:29,33
DA:30,33
DA:31,11
DA:32,11
DA:33,11
DA:34,11
DA:35,11
DA:37,11
DA:38,33
DA:39,11
DA:40,11
DA:41,11
DA:42,11
DA:43,11
DA:44,11
DA:45,11
DA:47,11
DA:48,11
DA:49,11
DA:50,11
DA:51,11
DA:52,11
DA:53,11
DA:55,11
DA:57,11
DA:58,11
DA:59,11
DA:60,11
DA:61,11
DA:62,11
DA:63,11
DA:64,22
DA:65,22
DA:66,22
DA:67,22
DA:68,22
DA:69,22
DA:70,22
DA:71,22
DA:72,22
DA:73,22
DA:74,22
DA:75,22
DA:76,11
DA:77,11
DA:79,11
DA:81,16
DA:82,16
DA:83,16
DA:84,16
DA:85,16
DA:87,16
DA:88,5
DA:89,5
DA:90,5
DA:91,16
DA:93,16
DA:94,5
DA:95,5
DA:96,5
DA:97,5
DA:99,5
DA:101,11
DA:102,16
DA:103,16
DA:104,10
DA:105,1
DA:106,16
DA:108,16
DA:109,1
DA:110,1
DA:111,1
DA:112,1
DA:113,1
DA:114,1
DA:115,1
DA:119,1
DA:122,1
DA:123,1
DA:124,1
DA:125,1
DA:127,16
DA:128,16
DA:129,16
DA:130,16
DA:131,16
DA:132,16
DA:133,16
DA:134,16
DA:135,10
DA:136,10
DA:137,10
DA:138,10
DA:139,10
DA:140,10
DA:142,10
DA:144,16
DA:146,16
DA:147,16
DA:148,16
DA:149,16
DA:151,16
DA:152,16
DA:153,16
DA:154,16
DA:155,16
DA:156,16
DA:157,16
DA:158,16
DA:159,16
DA:160,16
DA:161,16
DA:162,16
DA:163,16
DA:164,16
DA:165,16
DA:166,16
DA:167,16
DA:169,16
DA:170,16
DA:172,16
DA:173,16
DA:174,33
DA:175,33
DA:176,33
DA:177,33
DA:178,33
DA:179,33
DA:180,33
DA:181,11
DA:183,22
DA:184,22
DA:185,22
DA:186,22
DA:187,22
DA:188,22
DA:189,22
DA:190,22
DA:191,22
DA:192,22
DA:193,22
DA:194,22
DA:195,22
DA:197,33
DA:198,16
DA:199,16
DA:201,16
DA:202,16
DA:203,16
DA:205,16
DA:206,16
DA:207,16
DA:208,16
DA:209,16
DA:210,16
DA:211,16
DA:212,16
DA:213,16
DA:215,16
LF:178
LH:178
BRDA:10,0,0,11
BRDA:28,1,0,33
BRDA:30,2,0,11
BRDA:37,3,0,22
BRDA:38,4,0,11
BRDA:57,5,0,11
BRDA:63,6,0,22
BRDA:81,7,0,16
BRDA:93,8,0,5
BRDA:99,9,0,11
BRDA:102,10,0,10
BRDA:102,11,0,1
BRDA:103,12,0,10
BRDA:104,13,0,1
BRDA:134,14,0,10
BRDA:87,15,0,5
BRDA:89,16,0,5
BRDA:108,17,0,1
BRDA:119,18,0,0
BRDA:138,19,0,3
BRDA:173,20,0,33
BRDA:180,21,0,11
BRDA:181,22,0,22
BRDA:211,23,0,1
BRF:24
BRH:23
end_of_record
TN:
SF:src\utils\proration.js
FN:3,computeProratedCharge
FN:8,daysRemainingInCycle
FN:15,formatCurrency
FNF:3
FNH:3
FNDA:15,computeProratedCharge
FNDA:13,daysRemainingInCycle
FNDA:13,formatCurrency
DA:1,1
DA:3,1
DA:4,15
DA:5,15
DA:6,15
DA:8,1
DA:9,13
DA:10,13
DA:11,13
DA:12,13
DA:13,13
DA:15,1
DA:16,13
DA:17,13
LF:14
LH:14
BRDA:3,0,0,15
BRDA:8,1,0,13
BRDA:15,2,0,13
BRF:3
BRH:3
end_of_record
