TN:
SF:src\App.jsx
FN:7,Layout
FN:16,(anonymous_1)
FN:34,ProtectedRoute
FN:39,App
FNF:4
FNH:0
FNDA:0,Layout
FNDA:0,(anonymous_1)
FNDA:0,ProtectedRoute
FNDA:0,App
DA:8,0
DA:9,0
DA:16,0
DA:35,0
DA:36,0
DA:40,0
LF:6
LH:0
BRDA:16,0,0,0
BRDA:16,0,1,0
BRDA:21,1,0,0
BRDA:21,1,1,0
BRDA:22,2,0,0
BRDA:22,2,1,0
BRDA:36,3,0,0
BRDA:36,3,1,0
BRF:8
BRH:0
end_of_record
TN:
SF:src\main.jsx
FNF:0
FNH:0
DA:6,0
LF:1
LH:0
BRF:0
BRH:0
end_of_record
TN:
SF:src\components\UpgradeDialog.jsx
FN:10,UpgradeDialog
FN:13,(anonymous_1)
FN:17,handleKeyDown
FN:24,handleBackdropClick
FN:60,(anonymous_4)
FNF:5
FNH:5
FNDA:13,UpgradeDialog
FNDA:13,(anonymous_1)
FNDA:3,handleKeyDown
FNDA:6,handleBackdropClick
FNDA:52,(anonymous_4)
DA:3,2
DA:11,13
DA:13,13
DA:14,13
DA:18,3
DA:19,2
DA:20,2
DA:25,6
DA:26,2
DA:30,13
DA:61,52
LF:11
LH:11
BRDA:18,0,0,2
BRDA:18,0,1,1
BRDA:25,1,0,2
BRDA:25,1,1,4
BRF:4
BRH:4
end_of_record
TN:
SF:src\context\AuthContext.jsx
FN:6,AuthProvider
FN:11,(anonymous_1)
FN:14,(anonymous_2)
FN:22,(anonymous_3)
FN:28,(anonymous_4)
FN:40,(anonymous_5)
FN:52,(anonymous_6)
FN:66,(anonymous_7)
FNF:8
FNH:0
FNDA:0,AuthProvider
FNDA:0,(anonymous_1)
FNDA:0,(anonymous_2)
FNDA:0,(anonymous_3)
FNDA:0,(anonymous_4)
FNDA:0,(anonymous_5)
FNDA:0,(anonymous_6)
FNDA:0,(anonymous_7)
DA:4,0
DA:7,0
DA:8,0
DA:9,0
DA:11,0
DA:12,0
DA:13,0
DA:15,0
DA:16,0
DA:22,0
DA:23,0
DA:24,0
DA:25,0
DA:28,0
DA:29,0
DA:34,0
DA:35,0
DA:36,0
DA:37,0
DA:40,0
DA:41,0
DA:46,0
DA:47,0
DA:48,0
DA:49,0
DA:52,0
DA:53,0
DA:54,0
DA:55,0
DA:56,0
DA:59,0
DA:66,0
LF:32
LH:0
BRDA:12,0,0,0
BRDA:12,0,1,0
BRDA:15,1,0,0
BRDA:15,1,1,0
BRDA:35,2,0,0
BRDA:35,2,1,0
BRDA:35,3,0,0
BRDA:35,3,1,0
BRDA:47,4,0,0
BRDA:47,4,1,0
BRDA:47,5,0,0
BRDA:47,5,1,0
BRF:12
BRH:0
end_of_record
TN:
SF:src\pages\Billing.jsx
FN:6,InfoIcon
FN:24,UsageIcon
FN:53,IncludedUsageCard
FN:59,(anonymous_3)
FN:77,Billing
FN:83,closeUpgrade
FN:88,(anonymous_6)
FN:90,(anonymous_7)
FN:114,(anonymous_8)
FN:148,(anonymous_9)
FNF:10
FNH:10
FNDA:15,InfoIcon
FNDA:45,UsageIcon
FNDA:15,IncludedUsageCard
FNDA:15,(anonymous_3)
FNDA:24,Billing
FNDA:3,closeUpgrade
FNDA:9,(anonymous_6)
FNDA:8,(anonymous_7)
FNDA:4,(anonymous_8)
FNDA:45,(anonymous_9)
DA:7,15
DA:25,45
DA:26,45
DA:27,15
DA:34,30
DA:35,15
DA:44,15
DA:54,15
DA:60,15
DA:78,24
DA:79,24
DA:80,24
DA:81,24
DA:84,3
DA:85,3
DA:88,24
DA:89,9
DA:90,8
DA:94,24
DA:95,9
DA:102,15
DA:114,4
DA:149,45
LF:23
LH:23
BRDA:26,0,0,15
BRDA:26,0,1,30
BRDA:34,1,0,15
BRDA:34,1,1,15
BRDA:94,2,0,9
BRDA:94,2,1,15
BRDA:109,3,0,15
BRDA:109,3,1,14
BRDA:155,4,0,30
BRDA:155,4,1,15
BRDA:180,5,0,24
BRDA:180,5,1,4
BRF:12
BRH:12
end_of_record
TN:
SF:src\pages\Login.jsx
FN:5,Login
FN:13,(anonymous_1)
FN:96,(anonymous_2)
FN:106,(anonymous_3)
FN:115,(anonymous_4)
FN:127,(anonymous_5)
FN:127,(anonymous_6)
FNF:7
FNH:0
FNDA:0,Login
FNDA:0,(anonymous_1)
FNDA:0,(anonymous_2)
FNDA:0,(anonymous_3)
FNDA:0,(anonymous_4)
FNDA:0,(anonymous_5)
FNDA:0,(anonymous_6)
DA:6,0
DA:7,0
DA:8,0
DA:9,0
DA:10,0
DA:11,0
DA:13,0
DA:14,0
DA:15,0
DA:16,0
DA:17,0
DA:18,0
DA:20,0
DA:24,0
DA:96,0
DA:106,0
DA:115,0
DA:127,0
LF:18
LH:0
BRDA:17,0,0,0
BRDA:17,0,1,0
BRDA:84,1,0,0
BRDA:84,1,1,0
BRDA:86,2,0,0
BRDA:86,2,1,0
BRDA:90,3,0,0
BRDA:90,3,1,0
BRDA:121,4,0,0
BRDA:121,4,1,0
BRDA:123,5,0,0
BRDA:123,5,1,0
BRDA:126,6,0,0
BRDA:126,6,1,0
BRDA:128,7,0,0
BRDA:128,7,1,0
BRF:16
BRH:0
end_of_record
