TN:
SF:src\pages\Billing.jsx
FN:5,InfoIcon
FN:23,UsageIcon
FN:52,IncludedUsageCard
FN:58,(anonymous_3)
FN:80,parseRenewAt
FN:84,calculateDaysRemaining
FN:91,calculateProratedCharge
FN:97,UpgradeModal
FN:105,(anonymous_8)
FN:113,(anonymous_9)
FN:115,(anonymous_10)
FN:120,(anonymous_11)
FN:124,(anonymous_12)
FN:190,UpgradeSuccessBanner
FN:202,Billing
FN:208,(anonymous_15)
FN:210,(anonymous_16)
FN:224,(anonymous_17)
FN:245,(anonymous_18)
FN:287,(anonymous_19)
FN:322,(anonymous_20)
FNF:21
FNH:20
FNDA:13,InfoIcon
FNDA:13,UsageIcon
FNDA:13,IncludedUsageCard
FNDA:13,(anonymous_3)
FNDA:8,parseRenewAt
FNDA:8,calculateDaysRemaining
FNDA:7,calculateProratedCharge
FNDA:7,UpgradeModal
FNDA:2,(anonymous_8)
FNDA:2,(anonymous_9)
FNDA:0,(anonymous_10)
FNDA:1,(anonymous_11)
FNDA:1,(anonymous_12)
FNDA:1,UpgradeSuccessBanner
FNDA:20,Billing
FNDA:7,(anonymous_15)
FNDA:7,(anonymous_16)
FNDA:1,(anonymous_17)
FNDA:4,(anonymous_18)
FNDA:13,(anonymous_19)
FNDA:1,(anonymous_20)
DA:6,13
DA:24,13
DA:25,13
DA:26,13
DA:33,0
DA:34,0
DA:43,0
DA:53,13
DA:59,13
DA:76,1
DA:77,1
DA:78,1
DA:81,8
DA:85,8
DA:86,8
DA:87,8
DA:88,8
DA:92,7
DA:98,7
DA:99,7
DA:100,7
DA:102,7
DA:103,7
DA:105,7
DA:106,2
DA:107,2
DA:108,2
DA:114,2
DA:115,1
DA:116,1
DA:118,1
DA:121,1
DA:122,1
DA:125,1
DA:126,1
DA:130,7
DA:191,1
DA:203,20
DA:204,20
DA:205,20
DA:206,20
DA:208,20
DA:209,7
DA:210,7
DA:214,20
DA:215,7
DA:222,13
DA:224,13
DA:225,1
DA:230,1
DA:231,1
DA:234,13
DA:245,4
DA:288,13
DA:322,1
LF:55
LH:52
BRDA:25,0,0,13
BRDA:25,0,1,0
BRDA:33,1,0,0
BRDA:33,1,1,0
BRDA:114,2,0,1
BRDA:114,2,1,1
BRDA:116,3,0,1
BRDA:116,3,1,0
BRDA:126,4,0,1
BRDA:126,4,1,0
BRDA:161,5,0,7
BRDA:161,5,1,1
BRDA:174,6,0,2
BRDA:174,6,1,5
BRDA:214,7,0,7
BRDA:214,7,1,13
BRDA:241,8,0,13
BRDA:241,8,1,11
BRDA:275,9,0,20
BRDA:275,9,1,1
BRDA:275,9,2,1
BRDA:294,10,0,13
BRDA:294,10,1,0
BRDA:319,11,0,20
BRDA:319,11,1,4
BRF:25
BRH:19
end_of_record
