<?xml version="1.0" encoding="utf-8"?><testsuites name="pytest tests"><testsuite name="pytest" errors="0" failures="0" skipped="0" tests="16" time="5.608" timestamp="2026-09-22T14:55:41.206772+00:00" hostname="cc4007211c84"><testcase classname="tests.behavior.test_story_1_1" name="test_billing_page_plan_display_becomes_dynamic" time="0.787" /><testcase classname="tests.behavior.test_story_1_1" name="test_dynamic_plan_display_reflects_premium_after_upgrade" time="0.261" /><testcase classname="tests.behavior.test_story_1_1" name="test_upgrade_cta_is_visible_for_a_standardplan_user" time="0.265" /><testcase classname="tests.behavior.test_story_1_1" name="test_upgrade_cta_is_hidden_for_a_premiumplan_user" time="0.296" /><testcase classname="tests.behavior.test_story_1_1" name="test_confirmation_modal_shows_the_exact_prorated_preview_before_commitment" time="0.316" /><testcase classname="tests.behavior.test_story_1_1" name="test_cancel_does_nothing" time="0.343" /><testcase classname="tests.behavior.test_story_1_1" name="test_successful_prorated_upgrade" time="0.021" /><testcase classname="tests.behavior.test_story_1_1" name="test_proration_at_the_boundary__renewal_date_today" time="0.017" /><testcase classname="tests.behavior.test_story_1_1" name="test_proration_at_the_boundary__full_cycle_remaining" time="0.016" /><testcase classname="tests.behavior.test_story_1_1" name="test_alreadypremium_guard" time="0.017" /><testcase classname="tests.behavior.test_story_1_1" name="test_unknownuser_guard" time="0.020" /><testcase classname="tests.behavior.test_story_1_1" name="test_billing_page_reflects_premium_immediately_no_reload" time="0.465" /><testcase classname="tests.behavior.test_story_1_1" name="test_persistent_postupgrade_success_banner" time="0.456" /><testcase classname="tests.behavior.test_story_1_1" name="test_confirmation_modal_shows_an_inline_error_on_network_failure" time="0.462" /><testcase classname="tests.behavior.test_story_1_1" name="test_confirmation_modal_shows_an_inline_error_on_a_5xx_response" time="0.467" /><testcase classname="tests.behavior.test_story_1_1" name="test_no_regressions_to_existing_flows" time="1.369" /></testsuite></testsuites>