<?xml version="1.0" encoding="utf-8"?><testsuites name="pytest tests"><testsuite name="pytest" errors="0" failures="0" skipped="0" tests="6" time="0.381" timestamp="2026-09-16T17:29:45.137911+05:30" hostname="NDI-LAP-347"><testcase classname="tests.behavior.test_story_1_1" name="test_preview_returns_the_prorated_charge_without_mutating_state" time="0.012" /><testcase classname="tests.behavior.test_story_1_1" name="test_confirming_the_upgrade_applies_it_and_returns_the_applied_charge" time="0.006" /><testcase classname="tests.behavior.test_story_1_1" name="test_an_alreadypremium_account_cannot_be_upgraded_again" time="0.009" /><testcase classname="tests.behavior.test_story_1_1" name="test_an_unknown_account_cannot_preview_or_apply_an_upgrade" time="0.005" /><testcase classname="tests.behavior.test_story_1_1" name="test_a_malformed_request_is_rejected_before_any_business_logic_runs" time="0.004" /><testcase classname="tests.behavior.test_story_1_1" name="test_the_ondemand_balance_is_unchanged_by_the_upgrade" time="0.005" /></testsuite></testsuites>